  Building Custom Rule C:/Users/sbeaulie/Desktop/Projet OpenCV-CMake/CMakeLists.txt
  CMake is re-running because C:/Users/sbeaulie/Desktop/Projet OpenCV-CMake/generated/CMakeFiles/generate.stamp is out-of-date.
    the file 'C:/Program Files/CMake/share/cmake-3.9/Modules/CMakeDetermineSystem.cmake'
    is newer than 'C:/Users/sbeaulie/Desktop/Projet OpenCV-CMake/generated/CMakeFiles/generate.stamp.depend'
    result='0'
  -- OpenCV ARCH: x64
  -- OpenCV RUNTIME: vc14
  -- OpenCV STATIC: ON
  -- Found OpenCV 3.3.1 in C:/Program Files/OpenCV_3.3.1/build/x64/vc14/lib
  -- You might need to add C:\Program Files\OpenCV_3.3.1\build\x64\vc14\bin to your PATH to be able to run your applications.
  OpenCV includesC:/Program Files/OpenCV_3.3.1/build/includeC:/Program Files/OpenCV_3.3.1/build/include/opencv
  OpenCV libsopencv_calib3dopencv_coreopencv_dnnopencv_features2dopencv_flannopencv_highguiopencv_imgcodecsopencv_imgprocopencv_mlopencv_objdetectopencv_photoopencv_shapeopencv_stitchingopencv_superresopencv_videoopencv_videoioopencv_videostabopencv_world
  -- Configuring done
  -- Generating done
  -- Build files have been written to: C:/Users/sbeaulie/Desktop/Projet OpenCV-CMake/generated
  squares.cpp
squares.cpp(474): warning C4996: 'strcpy': This function or variable may be unsafe. Consider using strcpy_s instead. To disable deprecation, use _CRT_SECURE_NO_WARNINGS. See online help for details.
  C:\Program Files (x86)\Windows Kits\10\Include\10.0.10586.0\ucrt\string.h(129): note: voir la déclaration de 'strcpy'
  my_project.vcxproj -> C:\Users\sbeaulie\Desktop\Projet OpenCV-CMake\generated\bin\Debug\my_project.exe
  my_project.vcxproj -> C:/Users/sbeaulie/Desktop/Projet OpenCV-CMake/generated/bin/Debug/my_project.pdb (Full PDB)
